<?xml version="1.0" encoding="UTF-8"?>
<!-- Generated by org.testng.reporters.JUnitReportReporter -->
<testsuite skipped="5" hostname="DESKTOP-DDJ9P88" name="com.training.sanity.tests.LoginTests" tests="6" failures="0" timestamp="30 Jan 2020 13:18:48 GMT" time="7.579" errors="0">
  <testcase name="validLoginTest" time="7.579" classname="com.training.sanity.tests.LoginTests"/>
  <testcase name="administration_AddUsersToCourses" classname="com.training.sanity.tests.LoginTests">
    <skipped/>
  </testcase> <!-- administration_AddUsersToCourses -->
  <testcase name="administration_CreateCourse" classname="com.training.sanity.tests.LoginTests">
    <skipped/>
  </testcase> <!-- administration_CreateCourse -->
  <testcase name="administration_DelCourseCategories" classname="com.training.sanity.tests.LoginTests">
    <skipped/>
  </testcase> <!-- administration_DelCourseCategories -->
  <testcase name="administrationCourseCategory" classname="com.training.sanity.tests.LoginTests">
    <skipped/>
  </testcase> <!-- administrationCourseCategory -->
  <testcase name="administration_CourseList" classname="com.training.sanity.tests.LoginTests">
    <skipped/>
  </testcase> <!-- administration_CourseList -->
</testsuite> <!-- com.training.sanity.tests.LoginTests -->
